<?xml version="1.0" encoding="UTF-8"?>
<!-- Generated by org.testng.reporters.JUnitReportReporter -->
<testsuite hostname="DESKTOP-IJ4J642" name="flipkart.Productsizetest" tests="1" failures="0" timestamp="24 Aug 2019 07:04:28 GMT" time="5.469" errors="0">
  <testcase name="verifysize" time="5.469" classname="flipkart.Productsizetest"/>
</testsuite> <!-- flipkart.Productsizetest -->
