<?xml version="1.0" encoding="UTF-8"?>
<!-- Generated by org.testng.reporters.JUnitReportReporter -->
<testsuite hostname="DESKTOP-IJ4J642" name="flipkart.Productwebpage" tests="1" failures="0" timestamp="26 Aug 2019 14:37:20 GMT" time="16.038" errors="0">
  <testcase name="Verifycount" time="16.038" classname="flipkart.Productwebpage"/>
</testsuite> <!-- flipkart.Productwebpage -->
