<?xml version="1.0" encoding="UTF-8"?>
<!-- Generated by org.testng.reporters.JUnitReportReporter -->
<testsuite hostname="DESKTOP-IJ4J642" name="flipkart.Homepagetest" tests="1" failures="0" timestamp="26 Aug 2019 14:41:51 GMT" time="4.148" errors="0">
  <testcase name="verifywomen" time="4.148" classname="flipkart.Homepagetest"/>
</testsuite> <!-- flipkart.Homepagetest -->
