<?xml version="1.0" encoding="UTF-8"?>
<!-- Generated by org.testng.reporters.JUnitReportReporter -->
<testsuite hostname="DESKTOP-IJ4J642" name="flipkart.Newslettertest" tests="1" failures="0" timestamp="22 Aug 2019 10:09:13 GMT" time="4.321" errors="0">
  <testcase name="verifynews" time="4.321" classname="flipkart.Newslettertest"/>
</testsuite> <!-- flipkart.Newslettertest -->
