<?xml version="1.0" encoding="UTF-8"?>
<!-- Generated by org.testng.reporters.JUnitReportReporter -->
<testsuite hostname="DESKTOP-IJ4J642" name="flipkart.Homepagetest" tests="1" failures="0" timestamp="22 Sep 2019 06:50:49 GMT" time="10.960" errors="0">
  <testcase name="verifywomen" time="10.960" classname="flipkart.Homepagetest"/>
</testsuite> <!-- flipkart.Homepagetest -->
